# JRE version: OpenJDK Runtime Environment (8.0_322-b06) (build 1.8.0_322-b06)
# Java VM: OpenJDK 64-Bit Server VM (25.322-b06 mixed mode windows-amd64 compressed oops)
Heap:
 PSYoungGen      total 190976K, used 10699K [0x00000006eaf00000, 0x0000000702400000, 0x00000007c0000000)
  eden space 163840K, 6% used [0x00000006eaf00000,0x00000006eb972f58,0x00000006f4f00000)
  from space 27136K, 0% used [0x00000006f6980000,0x00000006f6980000,0x00000006f8400000)
  to   space 27136K, 0% used [0x00000006f4f00000,0x00000006f4f00000,0x00000006f6980000)
 ParOldGen       total 270336K, used 19035K [0x0000000540c00000, 0x0000000551400000, 0x00000006eaf00000)
  object space 270336K, 7% used [0x0000000540c00000,0x0000000541e96d18,0x0000000551400000)
 Metaspace       used 21686K, capacity 21956K, committed 22192K, reserved 1069056K
  class space    used 2709K, capacity 2802K, committed 2816K, reserved 1048576K
GC Heap History (6 events):
Event: 1.862 GC heap before
{Heap before GC invocations=1 (full 0):
 PSYoungGen      total 190976K, used 163840K [0x00000006eaf00000, 0x00000006f8400000, 0x00000007c0000000)
  eden space 163840K, 100% used [0x00000006eaf00000,0x00000006f4f00000,0x00000006f4f00000)
  from space 27136K, 0% used [0x00000006f6980000,0x00000006f6980000,0x00000006f8400000)
  to   space 27136K, 0% used [0x00000006f4f00000,0x00000006f4f00000,0x00000006f6980000)
 ParOldGen       total 437248K, used 0K [0x0000000540c00000, 0x000000055b700000, 0x00000006eaf00000)
  object space 437248K, 0% used [0x0000000540c00000,0x0000000540c00000,0x000000055b700000)
 Metaspace       used 19779K, capacity 20070K, committed 20352K, reserved 1067008K
  class space    used 2541K, capacity 2621K, committed 2688K, reserved 1048576K
Event: 1.879 GC heap after
Heap after GC invocations=1 (full 0):
 PSYoungGen      total 190976K, used 27116K [0x00000006eaf00000, 0x00000006f8400000, 0x00000007c0000000)
  eden space 163840K, 0% used [0x00000006eaf00000,0x00000006eaf00000,0x00000006f4f00000)
  from space 27136K, 99% used [0x00000006f4f00000,0x00000006f697b3c8,0x00000006f6980000)
  to   space 27136K, 0% used [0x00000006f6980000,0x00000006f6980000,0x00000006f8400000)
 ParOldGen       total 437248K, used 3257K [0x0000000540c00000, 0x000000055b700000, 0x00000006eaf00000)
  object space 437248K, 0% used [0x0000000540c00000,0x0000000540f2e5a0,0x000000055b700000)
 Metaspace       used 19779K, capacity 20070K, committed 20352K, reserved 1067008K
  class space    used 2541K, capacity 2621K, committed 2688K, reserved 1048576K
}
Event: 2.452 GC heap before
{Heap before GC invocations=2 (full 0):
 PSYoungGen      total 190976K, used 131416K [0x00000006eaf00000, 0x00000006f8400000, 0x00000007c0000000)
  eden space 163840K, 63% used [0x00000006eaf00000,0x00000006f14dad70,0x00000006f4f00000)
  from space 27136K, 99% used [0x00000006f4f00000,0x00000006f697b3c8,0x00000006f6980000)
  to   space 27136K, 0% used [0x00000006f6980000,0x00000006f6980000,0x00000006f8400000)
 ParOldGen       total 437248K, used 3257K [0x0000000540c00000, 0x000000055b700000, 0x00000006eaf00000)
  object space 437248K, 0% used [0x0000000540c00000,0x0000000540f2e5a0,0x000000055b700000)
 Metaspace       used 20844K, capacity 21124K, committed 21296K, reserved 1069056K
  class space    used 2612K, capacity 2674K, committed 2688K, reserved 1048576K
Event: 2.462 GC heap after
Heap after GC invocations=2 (full 0):
 PSYoungGen      total 190976K, used 18748K [0x00000006eaf00000, 0x0000000702400000, 0x00000007c0000000)
  eden space 163840K, 0% used [0x00000006eaf00000,0x00000006eaf00000,0x00000006f4f00000)
  from space 27136K, 69% used [0x00000006f6980000,0x00000006f7bcf0a0,0x00000006f8400000)
  to   space 27136K, 0% used [0x00000006f4f00000,0x00000006f4f00000,0x00000006f6980000)
 ParOldGen       total 437248K, used 3265K [0x0000000540c00000, 0x000000055b700000, 0x00000006eaf00000)
  object space 437248K, 0% used [0x0000000540c00000,0x0000000540f305a0,0x000000055b700000)
 Metaspace       used 20844K, capacity 21124K, committed 21296K, reserved 1069056K
  class space    used 2612K, capacity 2674K, committed 2688K, reserved 1048576K
}
Event: 2.462 GC heap before
{Heap before GC invocations=3 (full 1):
 PSYoungGen      total 190976K, used 18748K [0x00000006eaf00000, 0x0000000702400000, 0x00000007c0000000)
  eden space 163840K, 0% used [0x00000006eaf00000,0x00000006eaf00000,0x00000006f4f00000)
  from space 27136K, 69% used [0x00000006f6980000,0x00000006f7bcf0a0,0x00000006f8400000)
  to   space 27136K, 0% used [0x00000006f4f00000,0x00000006f4f00000,0x00000006f6980000)
 ParOldGen       total 437248K, used 3265K [0x0000000540c00000, 0x000000055b700000, 0x00000006eaf00000)
  object space 437248K, 0% used [0x0000000540c00000,0x0000000540f305a0,0x000000055b700000)
 Metaspace       used 20844K, capacity 21124K, committed 21296K, reserved 1069056K
  class space    used 2612K, capacity 2674K, committed 2688K, reserved 1048576K
Event: 2.497 GC heap after
Heap after GC invocations=3 (full 1):
 PSYoungGen      total 190976K, used 0K [0x00000006eaf00000, 0x0000000702400000, 0x00000007c0000000)
  eden space 163840K, 0% used [0x00000006eaf00000,0x00000006eaf00000,0x00000006f4f00000)
  from space 27136K, 0% used [0x00000006f6980000,0x00000006f6980000,0x00000006f8400000)
  to   space 27136K, 0% used [0x00000006f4f00000,0x00000006f4f00000,0x00000006f6980000)
 ParOldGen       total 270336K, used 19035K [0x0000000540c00000, 0x0000000551400000, 0x00000006eaf00000)
  object space 270336K, 7% used [0x0000000540c00000,0x0000000541e96d18,0x0000000551400000)
 Metaspace       used 20844K, capacity 21124K, committed 21296K, reserved 1069056K
  class space    used 2612K, capacity 2674K, committed 2688K, reserved 1048576K
}

