# JRE version: OpenJDK Runtime Environment (8.0_322-b06) (build 1.8.0_322-b06)
# Java VM: OpenJDK 64-Bit Server VM (25.322-b06 mixed mode windows-amd64 compressed oops)
Heap:
 PSYoungGen      total 141824K, used 5209K [0x000000076b300000, 0x000000077c800000, 0x00000007c0000000)
  eden space 131072K, 3% used [0x000000076b300000,0x000000076b816548,0x0000000773300000)
  from space 10752K, 0% used [0x0000000773300000,0x0000000773300000,0x0000000773d80000)
  to   space 10752K, 0% used [0x000000077bd80000,0x000000077bd80000,0x000000077c800000)
 ParOldGen       total 139264K, used 21205K [0x00000006c1800000, 0x00000006ca000000, 0x000000076b300000)
  object space 139264K, 15% used [0x00000006c1800000,0x00000006c2cb54c8,0x00000006ca000000)
 Metaspace       used 21217K, capacity 21464K, committed 21504K, reserved 1069056K
  class space    used 2690K, capacity 2784K, committed 2816K, reserved 1048576K
GC Heap History (8 events):
Event: 0.389 GC heap before
{Heap before GC invocations=1 (full 0):
 PSYoungGen      total 76288K, used 65536K [0x000000076b300000, 0x0000000770800000, 0x00000007c0000000)
  eden space 65536K, 100% used [0x000000076b300000,0x000000076f300000,0x000000076f300000)
  from space 10752K, 0% used [0x000000076fd80000,0x000000076fd80000,0x0000000770800000)
  to   space 10752K, 0% used [0x000000076f300000,0x000000076f300000,0x000000076fd80000)
 ParOldGen       total 175104K, used 0K [0x00000006c1800000, 0x00000006cc300000, 0x000000076b300000)
  object space 175104K, 0% used [0x00000006c1800000,0x00000006c1800000,0x00000006cc300000)
 Metaspace       used 8580K, capacity 8680K, committed 8832K, reserved 1056768K
  class space    used 1027K, capacity 1076K, committed 1152K, reserved 1048576K
Event: 0.394 GC heap after
Heap after GC invocations=1 (full 0):
 PSYoungGen      total 76288K, used 10722K [0x000000076b300000, 0x0000000774800000, 0x00000007c0000000)
  eden space 65536K, 0% used [0x000000076b300000,0x000000076b300000,0x000000076f300000)
  from space 10752K, 99% used [0x000000076f300000,0x000000076fd788e0,0x000000076fd80000)
  to   space 10752K, 0% used [0x0000000773d80000,0x0000000773d80000,0x0000000774800000)
 ParOldGen       total 175104K, used 5699K [0x00000006c1800000, 0x00000006cc300000, 0x000000076b300000)
  object space 175104K, 3% used [0x00000006c1800000,0x00000006c1d90e30,0x00000006cc300000)
 Metaspace       used 8580K, capacity 8680K, committed 8832K, reserved 1056768K
  class space    used 1027K, capacity 1076K, committed 1152K, reserved 1048576K
}
Event: 0.783 GC heap before
{Heap before GC invocations=2 (full 0):
 PSYoungGen      total 76288K, used 76258K [0x000000076b300000, 0x0000000774800000, 0x00000007c0000000)
  eden space 65536K, 100% used [0x000000076b300000,0x000000076f300000,0x000000076f300000)
  from space 10752K, 99% used [0x000000076f300000,0x000000076fd788e0,0x000000076fd80000)
  to   space 10752K, 0% used [0x0000000773d80000,0x0000000773d80000,0x0000000774800000)
 ParOldGen       total 175104K, used 5699K [0x00000006c1800000, 0x00000006cc300000, 0x000000076b300000)
  object space 175104K, 3% used [0x00000006c1800000,0x00000006c1d90e30,0x00000006cc300000)
 Metaspace       used 15836K, capacity 15946K, committed 16256K, reserved 1062912K
  class space    used 2056K, capacity 2079K, committed 2176K, reserved 1048576K
Event: 0.791 GC heap after
Heap after GC invocations=2 (full 0):
 PSYoungGen      total 141824K, used 10727K [0x000000076b300000, 0x0000000774800000, 0x00000007c0000000)
  eden space 131072K, 0% used [0x000000076b300000,0x000000076b300000,0x0000000773300000)
  from space 10752K, 99% used [0x0000000773d80000,0x00000007747f9d50,0x0000000774800000)
  to   space 10752K, 0% used [0x0000000773300000,0x0000000773300000,0x0000000773d80000)
 ParOldGen       total 175104K, used 20454K [0x00000006c1800000, 0x00000006cc300000, 0x000000076b300000)
  object space 175104K, 11% used [0x00000006c1800000,0x00000006c2bf9810,0x00000006cc300000)
 Metaspace       used 15836K, capacity 15946K, committed 16256K, reserved 1062912K
  class space    used 2056K, capacity 2079K, committed 2176K, reserved 1048576K
}
Event: 1.250 GC heap before
{Heap before GC invocations=3 (full 0):
 PSYoungGen      total 141824K, used 69822K [0x000000076b300000, 0x0000000774800000, 0x00000007c0000000)
  eden space 131072K, 45% used [0x000000076b300000,0x000000076ecb5ac0,0x0000000773300000)
  from space 10752K, 99% used [0x0000000773d80000,0x00000007747f9d50,0x0000000774800000)
  to   space 10752K, 0% used [0x0000000773300000,0x0000000773300000,0x0000000773d80000)
 ParOldGen       total 175104K, used 20454K [0x00000006c1800000, 0x00000006cc300000, 0x000000076b300000)
  object space 175104K, 11% used [0x00000006c1800000,0x00000006c2bf9810,0x00000006cc300000)
 Metaspace       used 20936K, capacity 21144K, committed 21248K, reserved 1067008K
  class space    used 2646K, capacity 2720K, committed 2816K, reserved 1048576K
Event: 1.256 GC heap after
Heap after GC invocations=3 (full 0):
 PSYoungGen      total 141824K, used 10726K [0x000000076b300000, 0x000000077c800000, 0x00000007c0000000)
  eden space 131072K, 0% used [0x000000076b300000,0x000000076b300000,0x0000000773300000)
  from space 10752K, 99% used [0x0000000773300000,0x0000000773d79970,0x0000000773d80000)
  to   space 10752K, 0% used [0x000000077bd80000,0x000000077bd80000,0x000000077c800000)
 ParOldGen       total 175104K, used 27919K [0x00000006c1800000, 0x00000006cc300000, 0x000000076b300000)
  object space 175104K, 15% used [0x00000006c1800000,0x00000006c3343ea0,0x00000006cc300000)
 Metaspace       used 20936K, capacity 21144K, committed 21248K, reserved 1067008K
  class space    used 2646K, capacity 2720K, committed 2816K, reserved 1048576K
}
Event: 1.256 GC heap before
{Heap before GC invocations=4 (full 1):
 PSYoungGen      total 141824K, used 10726K [0x000000076b300000, 0x000000077c800000, 0x00000007c0000000)
  eden space 131072K, 0% used [0x000000076b300000,0x000000076b300000,0x0000000773300000)
  from space 10752K, 99% used [0x0000000773300000,0x0000000773d79970,0x0000000773d80000)
  to   space 10752K, 0% used [0x000000077bd80000,0x000000077bd80000,0x000000077c800000)
 ParOldGen       total 175104K, used 27919K [0x00000006c1800000, 0x00000006cc300000, 0x000000076b300000)
  object space 175104K, 15% used [0x00000006c1800000,0x00000006c3343ea0,0x00000006cc300000)
 Metaspace       used 20936K, capacity 21144K, committed 21248K, reserved 1067008K
  class space    used 2646K, capacity 2720K, committed 2816K, reserved 1048576K
Event: 1.281 GC heap after
Heap after GC invocations=4 (full 1):
 PSYoungGen      total 141824K, used 0K [0x000000076b300000, 0x000000077c800000, 0x00000007c0000000)
  eden space 131072K, 0% used [0x000000076b300000,0x000000076b300000,0x0000000773300000)
  from space 10752K, 0% used [0x0000000773300000,0x0000000773300000,0x0000000773d80000)
  to   space 10752K, 0% used [0x000000077bd80000,0x000000077bd80000,0x000000077c800000)
 ParOldGen       total 139264K, used 21205K [0x00000006c1800000, 0x00000006ca000000, 0x000000076b300000)
  object space 139264K, 15% used [0x00000006c1800000,0x00000006c2cb54c8,0x00000006ca000000)
 Metaspace       used 20936K, capacity 21144K, committed 21248K, reserved 1067008K
  class space    used 2646K, capacity 2720K, committed 2816K, reserved 1048576K
}

